<?xml version="1.0" encoding="UTF-8"?>
<!-- Generated by org.testng.reporters.JUnitReportReporter -->
<testsuite hostname="DESKTOP-TH0V11K" failures="0" tests="1" name="com.appium.CalculatorOperation" time="92.929" errors="0" timestamp="2024-10-09T12:50:21 IST" skipped="0">
  <testcase classname="com.appium.CalculatorOperation" name="openCalc" time="92.929"/>
  <system-out/>
</testsuite> <!-- com.appium.CalculatorOperation -->
