<?xml version="1.0" encoding="UTF-8"?>
<!-- Generated by org.testng.reporters.JUnitReportReporter -->
<testsuite hostname="DESKTOP-TH0V11K" failures="0" tests="1" name="com.appium.RealDvice" time="12.798" errors="0" timestamp="2024-10-09T12:34:53 IST" skipped="0">
  <testcase classname="com.appium.RealDvice" name="test" time="12.798"/>
  <system-out/>
</testsuite> <!-- com.appium.RealDvice -->
