<?xml version="1.0" encoding="UTF-8"?>
<!-- Generated by org.testng.reporters.JUnitReportReporter -->
<testsuite hostname="DESKTOP-TH0V11K" failures="0" tests="1" name="com.appium.ApiDemoOpen" time="13.271" errors="0" timestamp="2024-10-09T12:04:20 IST" skipped="0">
  <testcase classname="com.appium.ApiDemoOpen" name="test" time="13.271"/>
  <system-out/>
</testsuite> <!-- com.appium.ApiDemoOpen -->
